<?xml version="1.0" encoding="UTF-8"?>
<!-- Generated by org.testng.reporters.JUnitReportReporter -->
<testsuite skipped="0" hostname="User-PC" name="itAcademy.tests.MAIL.LetterPageTest" tests="7" failures="0" timestamp="2020-02-10T23:56:36 MSK" time="25.321" errors="0">
  <testcase name="sendLetterTest" time="1.898" classname="itAcademy.tests.MAIL.LetterPageTest"/>
  <system-out/>
  <testcase name="checkSentTest" time="1.275" classname="itAcademy.tests.MAIL.LetterPageTest"/>
  <system-out/>
  <testcase name="checkInboxTest" time="12.440" classname="itAcademy.tests.MAIL.LetterPageTest"/>
  <system-out/>
  <testcase name="sendLetterWithInvalidAddressTest" time="3.456" classname="itAcademy.tests.MAIL.LetterPageTest"/>
  <system-out/>
  <testcase name="sendLetterWithoutTopicAndBodyTest" time="2.752" classname="itAcademy.tests.MAIL.LetterPageTest"/>
  <system-out/>
  <testcase name="checkSentByAddressTest" time="1.299" classname="itAcademy.tests.MAIL.LetterPageTest"/>
  <system-out/>
  <testcase name="checkInboxByAddressTest" time="2.201" classname="itAcademy.tests.MAIL.LetterPageTest"/>
  <system-out/>
</testsuite> <!-- itAcademy.tests.LetterPageTest -->
