<?xml version="1.0" encoding="UTF-8"?>
<!-- Generated by org.testng.reporters.JUnitReportReporter -->
<testsuite skipped="0" hostname="User-PC" name="itAcademy.tests.MAIL.LetterPageTest" tests="7" failures="0" timestamp="2020-02-17T17:08:24 MSK" time="26.161" errors="0">
  <testcase name="sendLetterTest" time="1.972" classname="itAcademy.tests.MAIL.LetterPageTest"/>
  <system-out/>
  <testcase name="checkSentTest" time="1.375" classname="itAcademy.tests.MAIL.LetterPageTest"/>
  <system-out/>
  <testcase name="checkInboxTest" time="10.877" classname="itAcademy.tests.MAIL.LetterPageTest"/>
  <system-out/>
  <testcase name="sendLetterWithInvalidAddressTest" time="3.646" classname="itAcademy.tests.MAIL.LetterPageTest"/>
  <system-out/>
  <testcase name="sendLetterWithoutTopicAndBodyTest" time="4.783" classname="itAcademy.tests.MAIL.LetterPageTest"/>
  <system-out/>
  <testcase name="checkSentByAddressTest" time="1.285" classname="itAcademy.tests.MAIL.LetterPageTest"/>
  <system-out/>
  <testcase name="checkInboxByAddressTest" time="2.223" classname="itAcademy.tests.MAIL.LetterPageTest"/>
  <system-out/>
</testsuite> <!-- itAcademy.tests.MAIL.LetterPageTest -->
