<?xml version="1.0" encoding="UTF-8"?>
<!-- Generated by org.testng.reporters.JUnitReportReporter -->
<testsuite skipped="0" hostname="User-PC" name="itAcademy.tests.CLOUD.YandexDiskPageTest" tests="5" failures="0" timestamp="2020-02-17T17:08:24 MSK" time="32.938" errors="0">
  <testcase name="createFolderTest" time="3.660" classname="itAcademy.tests.CLOUD.YandexDiskPageTest"/>
  <system-out/>
  <testcase name="deleteFolderTest" time="11.259" classname="itAcademy.tests.CLOUD.YandexDiskPageTest"/>
  <system-out/>
  <testcase name="downloadFileTest" time="2.474" classname="itAcademy.tests.CLOUD.YandexDiskPageTest"/>
  <system-out/>
  <testcase name="dragAndDropFileTest" time="5.919" classname="itAcademy.tests.CLOUD.YandexDiskPageTest"/>
  <system-out/>
  <testcase name="shareFileLinkTest" time="9.626" classname="itAcademy.tests.CLOUD.YandexDiskPageTest"/>
  <system-out/>
</testsuite> <!-- itAcademy.tests.CLOUD.YandexDiskPageTest -->
