<?xml version="1.0" encoding="UTF-8"?>
<!-- Generated by org.testng.reporters.JUnitReportReporter -->
<testsuite skipped="0" hostname="User-PC" name="itAcademy.tests.MAIL.DeletedLettersPageTest" tests="2" failures="0" timestamp="2020-02-17T17:08:24 MSK" time="13.336" errors="0">
  <testcase name="checkLetterTest" time="1.049" classname="itAcademy.tests.MAIL.DeletedLettersPageTest"/>
  <system-out/>
  <testcase name="DeleteTest" time="12.287" classname="itAcademy.tests.MAIL.DeletedLettersPageTest"/>
  <system-out/>
</testsuite> <!-- itAcademy.tests.MAIL.DeletedLettersPageTest -->
