<?xml version="1.0" encoding="UTF-8"?>
<!-- Generated by org.testng.reporters.JUnitReportReporter -->
<testsuite skipped="0" hostname="User-PC" name="itAcademy.tests.MAIL.PasswordPageTest" tests="3" failures="0" timestamp="2020-02-10T23:56:36 MSK" time="2.708" errors="0">
  <testcase name="createEmptyPasswordTest" time="0.262" classname="itAcademy.tests.MAIL.PasswordPageTest"/>
  <system-out/>
  <testcase name="invalidPasswordCreationTest" time="0.337" classname="itAcademy.tests.MAIL.PasswordPageTest"/>
  <system-out/>
  <testcase name="logInTest" time="2.109" classname="itAcademy.tests.MAIL.PasswordPageTest"/>
  <system-out/>
</testsuite> <!-- itAcademy.tests.PasswordPageTest -->
