<?xml version="1.0" encoding="UTF-8"?>
<!-- Generated by org.testng.reporters.JUnitReportReporter -->
<testsuite skipped="0" hostname="User-PC" name="itAcademy.tests.MAIL.PasswordPageTest" tests="3" failures="0" timestamp="2020-02-17T17:08:24 MSK" time="2.436" errors="0">
  <testcase name="createEmptyPasswordTest" time="0.254" classname="itAcademy.tests.MAIL.PasswordPageTest"/>
  <system-out/>
  <testcase name="invalidPasswordCreationTest" time="0.357" classname="itAcademy.tests.MAIL.PasswordPageTest"/>
  <system-out/>
  <testcase name="logInTest" time="1.825" classname="itAcademy.tests.MAIL.PasswordPageTest"/>
  <system-out/>
</testsuite> <!-- itAcademy.tests.MAIL.PasswordPageTest -->
