<?xml version="1.0" encoding="UTF-8"?>
<!-- Generated by org.testng.reporters.JUnitReportReporter -->
<testsuite skipped="0" hostname="User-PC" name="itAcademy.tests.MAIL.LoginPageTest" tests="3" failures="0" timestamp="2020-02-10T23:56:36 MSK" time="2.097" errors="0">
  <testcase name="createEmptyLoginTest" time="0.337" classname="itAcademy.tests.MAIL.LoginPageTest"/>
  <system-out/>
  <testcase name="invalidLoginCreationTest" time="0.418" classname="itAcademy.tests.MAIL.LoginPageTest"/>
  <system-out/>
  <testcase name="logInTest" time="1.342" classname="itAcademy.tests.MAIL.LoginPageTest"/>
  <system-out/>
</testsuite> <!-- itAcademy.tests.LoginPageTest -->
