<?xml version="1.0" encoding="UTF-8"?>
<!-- Generated by org.testng.reporters.JUnitReportReporter -->
<testsuite skipped="0" hostname="User-PC" name="itAcademy.tests.MAIL.DraftsPageTest" tests="2" failures="0" timestamp="2020-02-17T17:08:24 MSK" time="14.371" errors="0">
  <testcase name="writeLetterAndSaveInDraftTest" time="2.093" classname="itAcademy.tests.MAIL.DraftsPageTest"/>
  <system-out/>
  <testcase name="DraftTest" time="12.278" classname="itAcademy.tests.MAIL.DraftsPageTest"/>
  <system-out/>
</testsuite> <!-- itAcademy.tests.MAIL.DraftsPageTest -->
