<?xml version="1.0" encoding="UTF-8"?>
<!-- Generated by org.testng.reporters.JUnitReportReporter -->
<testsuite skipped="0" hostname="User-PC" name="itAcademy.tests.MAIL.DeletedLettersPageTest" tests="2" failures="0" timestamp="2020-02-10T23:56:36 MSK" time="13.310" errors="0">
  <testcase name="sendLetterTest" time="1.041" classname="itAcademy.tests.MAIL.DeletedLettersPageTest"/>
  <system-out/>
  <testcase name="DraftTest" time="12.269" classname="itAcademy.tests.MAIL.DeletedLettersPageTest"/>
  <system-out/>
</testsuite> <!-- itAcademy.tests.DeletedLettersPageTest -->
