<?xml version="1.0" encoding="UTF-8"?>
<!-- Generated by org.testng.reporters.JUnitReportReporter -->
<testsuite skipped="0" hostname="User-PC" name="itAcademy.tests.MAIL.LoginPageTest" tests="3" failures="0" timestamp="2020-02-17T17:08:24 MSK" time="1.752" errors="0">
  <testcase name="createEmptyLoginTest" time="0.334" classname="itAcademy.tests.MAIL.LoginPageTest"/>
  <system-out/>
  <testcase name="invalidLoginCreationTest" time="0.355" classname="itAcademy.tests.MAIL.LoginPageTest"/>
  <system-out/>
  <testcase name="logInTest" time="1.063" classname="itAcademy.tests.MAIL.LoginPageTest"/>
  <system-out/>
</testsuite> <!-- itAcademy.tests.MAIL.LoginPageTest -->
